<?xml version="1.0" encoding="UTF-8"?>
<testsuite xmlns:xsi="http://www.w3.org/2001/XMLSchema-instance" xsi:noNamespaceSchemaLocation="https://maven.apache.org/surefire/maven-surefire-plugin/xsd/surefire-test-report-3.0.xsd" version="3.0" name="courier.TestCasesLoginCourier" time="1.709" tests="6" errors="0" skipped="0" failures="0">
  <properties>
[...]
</properties>
  <testcase name="loginCourierNullData" classname="courier.TestCasesLoginCourier" time="0.269">
    <system-out><![CDATA[Request method:	POST
Request URI:	https://qa-scooter.praktikum-services.ru/api/v1/courier
Proxy:			<none>
Request params:	<none>
Query params:	<none>
Form params:	<none>
Path params:	<none>
Headers:		Accept=*/*
				Content-Type=application/json
Cookies:		<none>
Multiparts:		<none>
Body:
{
    "login": "courier_ea7f31a6-661c-44dc-aa5a-7107988511f7",
    "password": "pass_2a250adf-1d28-4f66-9153-9c72367160a4",
    "firstName": "name_eb0a6102-0d79-4305-89a9-f1661c9b54af"
}
Request method:	POST
Request URI:	https://qa-scooter.praktikum-services.ru/api/v1/courier/login
Proxy:			<none>
Request params:	<none>
Query params:	<none>
Form params:	<none>
Path params:	<none>
Headers:		Accept=*/*
				Content-Type=application/json
Cookies:		<none>
Multiparts:		<none>
Body:
{
    "login": "",
    "password": ""
}
]]></system-out>
  </testcase>
  <testcase name="loginCourierWithIncorrectPassword" classname="courier.TestCasesLoginCourier" time="0.3">
    <system-out><![CDATA[Request method:	POST
Request URI:	https://qa-scooter.praktikum-services.ru/api/v1/courier
Proxy:			<none>
Request params:	<none>
Query params:	<none>
Form params:	<none>
Path params:	<none>
Headers:		Accept=*/*
				Content-Type=application/json
Cookies:		<none>
Multiparts:		<none>
Body:
{
    "login": "courier_223a058b-fdbd-493b-bb6b-40c08553a2b9",
    "password": "pass_7f925176-ccb5-4811-9c6d-e76aa1ccac56",
    "firstName": "name_f5e586e7-4614-4b12-9ec0-2899b184d65e"
}
Request method:	POST
Request URI:	https://qa-scooter.praktikum-services.ru/api/v1/courier/login
Proxy:			<none>
Request params:	<none>
Query params:	<none>
Form params:	<none>
Path params:	<none>
Headers:		Accept=*/*
				Content-Type=application/json
Cookies:		<none>
Multiparts:		<none>
Body:
{
    "login": "courier_223a058b-fdbd-493b-bb6b-40c08553a2b9",
    "password": "pass_7f925176-ccb5-4811-9c6d-e76aa1ccac56incorrect"
}
]]></system-out>
  </testcase>
  <testcase name="loginCourierValidData" classname="courier.TestCasesLoginCourier" time="0.282">
    <system-out><![CDATA[Request method:	POST
Request URI:	https://qa-scooter.praktikum-services.ru/api/v1/courier
Proxy:			<none>
Request params:	<none>
Query params:	<none>
Form params:	<none>
Path params:	<none>
Headers:		Accept=*/*
				Content-Type=application/json
Cookies:		<none>
Multiparts:		<none>
Body:
{
    "login": "courier_308a04b5-2c69-4c3f-bf47-1f287811fc25",
    "password": "pass_21509ffe-32bf-4855-9132-ecbcfe7f3d3e",
    "firstName": "name_9186b282-08ce-4733-a351-39ac7c621724"
}
Request method:	POST
Request URI:	https://qa-scooter.praktikum-services.ru/api/v1/courier/login
Proxy:			<none>
Request params:	<none>
Query params:	<none>
Form params:	<none>
Path params:	<none>
Headers:		Accept=*/*
				Content-Type=application/json
Cookies:		<none>
Multiparts:		<none>
Body:
{
    "login": "courier_308a04b5-2c69-4c3f-bf47-1f287811fc25",
    "password": "pass_21509ffe-32bf-4855-9132-ecbcfe7f3d3e"
}
]]></system-out>
  </testcase>
  <testcase name="loginCourierWithIncorrectLogin" classname="courier.TestCasesLoginCourier" time="0.288">
    <system-out><![CDATA[Request method:	POST
Request URI:	https://qa-scooter.praktikum-services.ru/api/v1/courier
Proxy:			<none>
Request params:	<none>
Query params:	<none>
Form params:	<none>
Path params:	<none>
Headers:		Accept=*/*
				Content-Type=application/json
Cookies:		<none>
Multiparts:		<none>
Body:
{
    "login": "courier_80ec0a91-a979-42b5-aeb9-5f9126e9209c",
    "password": "pass_3d9a7c3f-ecfe-4755-9d54-37fb7016e5bc",
    "firstName": "name_12ac4e77-66e7-4f03-b2cd-fccb06b4fa62"
}
Request method:	POST
Request URI:	https://qa-scooter.praktikum-services.ru/api/v1/courier/login
Proxy:			<none>
Request params:	<none>
Query params:	<none>
Form params:	<none>
Path params:	<none>
Headers:		Accept=*/*
				Content-Type=application/json
Cookies:		<none>
Multiparts:		<none>
Body:
{
    "login": "courier_80ec0a91-a979-42b5-aeb9-5f9126e9209cincorrect",
    "password": "pass_3d9a7c3f-ecfe-4755-9d54-37fb7016e5bc"
}
]]></system-out>
  </testcase>
  <testcase name="loginCourierWithoutLogin" classname="courier.TestCasesLoginCourier" time="0.31">
    <system-out><![CDATA[Request method:	POST
Request URI:	https://qa-scooter.praktikum-services.ru/api/v1/courier
Proxy:			<none>
Request params:	<none>
Query params:	<none>
Form params:	<none>
Path params:	<none>
Headers:		Accept=*/*
				Content-Type=application/json
Cookies:		<none>
Multiparts:		<none>
Body:
{
    "login": "courier_dd869b80-8f00-4225-8580-fdb1335660b6",
    "password": "pass_a43b2bda-a0e7-4109-84b2-8fee58b261f6",
    "firstName": "name_d261cdb8-a5a6-423c-9147-8e906c5ba0e4"
}
Request method:	POST
Request URI:	https://qa-scooter.praktikum-services.ru/api/v1/courier/login
Proxy:			<none>
Request params:	<none>
Query params:	<none>
Form params:	<none>
Path params:	<none>
Headers:		Accept=*/*
				Content-Type=application/json
Cookies:		<none>
Multiparts:		<none>
Body:
{
    "login": "",
    "password": "pass_a43b2bda-a0e7-4109-84b2-8fee58b261f6"
}
]]></system-out>
  </testcase>
  <testcase name="loginCourierWithoutPassword" classname="courier.TestCasesLoginCourier" time="0.257">
    <system-out><![CDATA[Request method:	POST
Request URI:	https://qa-scooter.praktikum-services.ru/api/v1/courier
Proxy:			<none>
Request params:	<none>
Query params:	<none>
Form params:	<none>
Path params:	<none>
Headers:		Accept=*/*
				Content-Type=application/json
Cookies:		<none>
Multiparts:		<none>
Body:
{
    "login": "courier_db4de021-bc52-4be9-822b-d32ad15cb2a3",
    "password": "pass_8e38b8e8-d0a7-4519-8948-90053bc83a8a",
    "firstName": "name_14e4f469-7641-404a-b4b3-53114943405a"
}
Request method:	POST
Request URI:	https://qa-scooter.praktikum-services.ru/api/v1/courier/login
Proxy:			<none>
Request params:	<none>
Query params:	<none>
Form params:	<none>
Path params:	<none>
Headers:		Accept=*/*
				Content-Type=application/json
Cookies:		<none>
Multiparts:		<none>
Body:
{
    "login": "courier_db4de021-bc52-4be9-822b-d32ad15cb2a3",
    "password": ""
}
]]></system-out>
  </testcase>
</testsuite>