<?xml version="1.0" encoding="UTF-8"?>
<testsuite xmlns:xsi="http://www.w3.org/2001/XMLSchema-instance" xsi:noNamespaceSchemaLocation="https://maven.apache.org/surefire/maven-surefire-plugin/xsd/surefire-test-report-3.0.xsd" version="3.0" name="courier.TestCasesCreateCourier" time="5.988" tests="6" errors="0" skipped="0" failures="0">
  <properties>
[...]
</properties>
  <testcase name="createCourierWithoutFirstName" classname="courier.TestCasesCreateCourier" time="4.16">
    <system-out><![CDATA[Request method:	POST
Request URI:	https://qa-scooter.praktikum-services.ru/api/v1/courier
Proxy:			<none>
Request params:	<none>
Query params:	<none>
Form params:	<none>
Path params:	<none>
Headers:		Accept=*/*
				Content-Type=application/json
Cookies:		<none>
Multiparts:		<none>
Body:
{
    "login": "courier_5a06d04f-22c6-4050-b1d4-6b423893b015",
    "password": "pass_f73acd85-baae-4bdf-aa0a-4362ac4a71fb",
    "firstName": ""
}
Request method:	POST
Request URI:	https://qa-scooter.praktikum-services.ru/api/v1/courier/login
Proxy:			<none>
Request params:	<none>
Query params:	<none>
Form params:	<none>
Path params:	<none>
Headers:		Accept=*/*
				Content-Type=application/json
Cookies:		<none>
Multiparts:		<none>
Body:
{
    "login": "courier_5a06d04f-22c6-4050-b1d4-6b423893b015",
    "password": "pass_f73acd85-baae-4bdf-aa0a-4362ac4a71fb"
}
Request method:	DELETE
Request URI:	https://qa-scooter.praktikum-services.ru/api/v1/courier/265037
Proxy:			<none>
Request params:	<none>
Query params:	<none>
Form params:	<none>
Path params:	<none>
Headers:		Accept=*/*
Cookies:		<none>
Multiparts:		<none>
Body:			<none>
]]></system-out>
    <system-err><![CDATA[SLF4J: Failed to load class "org.slf4j.impl.StaticLoggerBinder".
SLF4J: Defaulting to no-operation (NOP) logger implementation
SLF4J: See http://www.slf4j.org/codes.html#StaticLoggerBinder for further details.
]]></system-err>
  </testcase>
  <testcase name="createCourierWithoutLogin" classname="courier.TestCasesCreateCourier" time="0.133">
    <system-out><![CDATA[Request method:	POST
Request URI:	https://qa-scooter.praktikum-services.ru/api/v1/courier
Proxy:			<none>
Request params:	<none>
Query params:	<none>
Form params:	<none>
Path params:	<none>
Headers:		Accept=*/*
				Content-Type=application/json
Cookies:		<none>
Multiparts:		<none>
Body:
{
    "login": "",
    "password": "pass_851a3f1e-dd5d-463d-a402-943f39aa3f83",
    "firstName": "name_a0482cf9-1fb4-4353-bee9-0aee92d451f9"
}
]]></system-out>
  </testcase>
  <testcase name="createCourierWithoutPassword" classname="courier.TestCasesCreateCourier" time="0.153">
    <system-out><![CDATA[Request method:	POST
Request URI:	https://qa-scooter.praktikum-services.ru/api/v1/courier
Proxy:			<none>
Request params:	<none>
Query params:	<none>
Form params:	<none>
Path params:	<none>
Headers:		Accept=*/*
				Content-Type=application/json
Cookies:		<none>
Multiparts:		<none>
Body:
{
    "login": "courier_02764a19-21ac-4d7e-9c91-65d27839bf27",
    "password": "",
    "firstName": "name_67ff7f04-f9b3-4fec-b34f-187e79bcb282"
}
]]></system-out>
  </testcase>
  <testcase name="createCourierNullData" classname="courier.TestCasesCreateCourier" time="0.142">
    <system-out><![CDATA[Request method:	POST
Request URI:	https://qa-scooter.praktikum-services.ru/api/v1/courier
Proxy:			<none>
Request params:	<none>
Query params:	<none>
Form params:	<none>
Path params:	<none>
Headers:		Accept=*/*
				Content-Type=application/json
Cookies:		<none>
Multiparts:		<none>
Body:
{
    "login": "",
    "password": "",
    "firstName": ""
}
]]></system-out>
  </testcase>
  <testcase name="createCourierValidData" classname="courier.TestCasesCreateCourier" time="0.542">
    <system-out><![CDATA[Request method:	POST
Request URI:	https://qa-scooter.praktikum-services.ru/api/v1/courier
Proxy:			<none>
Request params:	<none>
Query params:	<none>
Form params:	<none>
Path params:	<none>
Headers:		Accept=*/*
				Content-Type=application/json
Cookies:		<none>
Multiparts:		<none>
Body:
{
    "login": "courier_5e7374ed-7e10-4788-87c9-8405874455b9",
    "password": "pass_6a59b4e8-ab0d-49ef-bcb7-a05b611e54d7",
    "firstName": "name_f694d256-b78b-472a-afeb-d16cef36fcc4"
}
Request method:	POST
Request URI:	https://qa-scooter.praktikum-services.ru/api/v1/courier/login
Proxy:			<none>
Request params:	<none>
Query params:	<none>
Form params:	<none>
Path params:	<none>
Headers:		Accept=*/*
				Content-Type=application/json
Cookies:		<none>
Multiparts:		<none>
Body:
{
    "login": "courier_5e7374ed-7e10-4788-87c9-8405874455b9",
    "password": "pass_6a59b4e8-ab0d-49ef-bcb7-a05b611e54d7"
}
Request method:	DELETE
Request URI:	https://qa-scooter.praktikum-services.ru/api/v1/courier/265038
Proxy:			<none>
Request params:	<none>
Query params:	<none>
Form params:	<none>
Path params:	<none>
Headers:		Accept=*/*
Cookies:		<none>
Multiparts:		<none>
Body:			<none>
]]></system-out>
  </testcase>
  <testcase name="createTwoCouriersWithTheSameData" classname="courier.TestCasesCreateCourier" time="0.645">
    <system-out><![CDATA[Request method:	POST
Request URI:	https://qa-scooter.praktikum-services.ru/api/v1/courier
Proxy:			<none>
Request params:	<none>
Query params:	<none>
Form params:	<none>
Path params:	<none>
Headers:		Accept=*/*
				Content-Type=application/json
Cookies:		<none>
Multiparts:		<none>
Body:
{
    "login": "courier_c6ce3491-6d5d-4a2a-97ea-04f373757e53",
    "password": "pass_964278cc-0703-4483-95ed-1d51c16f8439",
    "firstName": "name_92c23d1e-144d-4bae-9d66-9b1ad47b9cf6"
}
Request method:	POST
Request URI:	https://qa-scooter.praktikum-services.ru/api/v1/courier
Proxy:			<none>
Request params:	<none>
Query params:	<none>
Form params:	<none>
Path params:	<none>
Headers:		Accept=*/*
				Content-Type=application/json
Cookies:		<none>
Multiparts:		<none>
Body:
{
    "login": "courier_c6ce3491-6d5d-4a2a-97ea-04f373757e53",
    "password": "pass_964278cc-0703-4483-95ed-1d51c16f8439",
    "firstName": "name_92c23d1e-144d-4bae-9d66-9b1ad47b9cf6"
}
Request method:	POST
Request URI:	https://qa-scooter.praktikum-services.ru/api/v1/courier/login
Proxy:			<none>
Request params:	<none>
Query params:	<none>
Form params:	<none>
Path params:	<none>
Headers:		Accept=*/*
				Content-Type=application/json
Cookies:		<none>
Multiparts:		<none>
Body:
{
    "login": "courier_c6ce3491-6d5d-4a2a-97ea-04f373757e53",
    "password": "pass_964278cc-0703-4483-95ed-1d51c16f8439"
}
Request method:	DELETE
Request URI:	https://qa-scooter.praktikum-services.ru/api/v1/courier/265039
Proxy:			<none>
Request params:	<none>
Query params:	<none>
Form params:	<none>
Path params:	<none>
Headers:		Accept=*/*
Cookies:		<none>
Multiparts:		<none>
Body:			<none>
]]></system-out>
  </testcase>
</testsuite>