<?xml version="1.0" encoding="UTF-8"?>
<testsuite xmlns:xsi="http://www.w3.org/2001/XMLSchema-instance" xsi:noNamespaceSchemaLocation="https://maven.apache.org/surefire/maven-surefire-plugin/xsd/surefire-test-report-3.0.xsd" version="3.0" name="order.TestCasesCreateOrder" time="1.968" tests="4" errors="0" skipped="0" failures="0">
  <properties>
[...]
</properties>
  <testcase name="createOrderValidData[Цвет самоката: []]" classname="order.TestCasesCreateOrder" time="0.465">
    <system-out><![CDATA[Request method:	POST
Request URI:	https://qa-scooter.praktikum-services.ru/api/v1/orders
Proxy:			<none>
Request params:	<none>
Query params:	<none>
Form params:	<none>
Path params:	<none>
Headers:		Accept=*/*
				Content-Type=application/json
Cookies:		<none>
Multiparts:		<none>
Body:
{
    "firstName": "Ivan",
    "lastName": "Petrov",
    "address": "Санкт-Петербург, пр. Солидарности, д. 29",
    "phone": "+7 (987)6543211",
    "rentTime": "2",
    "deliveryDate": "2024-02-11",
    "comment": "go ride",
    "color": [
        
    ]
}
Request method:	PUT
Request URI:	https://qa-scooter.praktikum-services.ru/api/v1/orders/cancel?track=574329
Proxy:			<none>
Request params:	<none>
Query params:	track=574329
Form params:	<none>
Path params:	<none>
Headers:		Accept=*/*
Cookies:		<none>
Multiparts:		<none>
Body:			<none>
]]></system-out>
  </testcase>
  <testcase name="createOrderValidData[Цвет самоката: [BLACK]]" classname="order.TestCasesCreateOrder" time="0.426">
    <system-out><![CDATA[Request method:	POST
Request URI:	https://qa-scooter.praktikum-services.ru/api/v1/orders
Proxy:			<none>
Request params:	<none>
Query params:	<none>
Form params:	<none>
Path params:	<none>
Headers:		Accept=*/*
				Content-Type=application/json
Cookies:		<none>
Multiparts:		<none>
Body:
{
    "firstName": "Ivan",
    "lastName": "Petrov",
    "address": "Санкт-Петербург, пр. Солидарности, д. 29",
    "phone": "+7 (987)6543211",
    "rentTime": "2",
    "deliveryDate": "2024-02-11",
    "comment": "go ride",
    "color": [
        "BLACK"
    ]
}
Request method:	PUT
Request URI:	https://qa-scooter.praktikum-services.ru/api/v1/orders/cancel?track=170274
Proxy:			<none>
Request params:	<none>
Query params:	track=170274
Form params:	<none>
Path params:	<none>
Headers:		Accept=*/*
Cookies:		<none>
Multiparts:		<none>
Body:			<none>
]]></system-out>
  </testcase>
  <testcase name="createOrderValidData[Цвет самоката: [GREY]]" classname="order.TestCasesCreateOrder" time="0.511">
    <system-out><![CDATA[Request method:	POST
Request URI:	https://qa-scooter.praktikum-services.ru/api/v1/orders
Proxy:			<none>
Request params:	<none>
Query params:	<none>
Form params:	<none>
Path params:	<none>
Headers:		Accept=*/*
				Content-Type=application/json
Cookies:		<none>
Multiparts:		<none>
Body:
{
    "firstName": "Ivan",
    "lastName": "Petrov",
    "address": "Санкт-Петербург, пр. Солидарности, д. 29",
    "phone": "+7 (987)6543211",
    "rentTime": "2",
    "deliveryDate": "2024-02-11",
    "comment": "go ride",
    "color": [
        "GREY"
    ]
}
Request method:	PUT
Request URI:	https://qa-scooter.praktikum-services.ru/api/v1/orders/cancel?track=389195
Proxy:			<none>
Request params:	<none>
Query params:	track=389195
Form params:	<none>
Path params:	<none>
Headers:		Accept=*/*
Cookies:		<none>
Multiparts:		<none>
Body:			<none>
]]></system-out>
  </testcase>
  <testcase name="createOrderValidData[Цвет самоката: [BLACK, GREY]]" classname="order.TestCasesCreateOrder" time="0.554">
    <system-out><![CDATA[Request method:	POST
Request URI:	https://qa-scooter.praktikum-services.ru/api/v1/orders
Proxy:			<none>
Request params:	<none>
Query params:	<none>
Form params:	<none>
Path params:	<none>
Headers:		Accept=*/*
				Content-Type=application/json
Cookies:		<none>
Multiparts:		<none>
Body:
{
    "firstName": "Ivan",
    "lastName": "Petrov",
    "address": "Санкт-Петербург, пр. Солидарности, д. 29",
    "phone": "+7 (987)6543211",
    "rentTime": "2",
    "deliveryDate": "2024-02-11",
    "comment": "go ride",
    "color": [
        "BLACK",
        "GREY"
    ]
}
Request method:	PUT
Request URI:	https://qa-scooter.praktikum-services.ru/api/v1/orders/cancel?track=300290
Proxy:			<none>
Request params:	<none>
Query params:	track=300290
Form params:	<none>
Path params:	<none>
Headers:		Accept=*/*
Cookies:		<none>
Multiparts:		<none>
Body:			<none>
]]></system-out>
  </testcase>
</testsuite>